# JRE version: OpenJDK Runtime Environment (8.0_275-b01) (build 1.8.0_275-b01)
# Java VM: OpenJDK 64-Bit Server VM (25.275-b01 mixed mode windows-amd64 compressed oops)
Heap:
 PSYoungGen      total 138240K, used 108874K [0x00000000d5f00000, 0x00000000deb00000, 0x0000000100000000)
  eden space 133120K, 81% used [0x00000000d5f00000,0x00000000dc952bd8,0x00000000de100000)
  from space 5120K, 0% used [0x00000000de100000,0x00000000de100000,0x00000000de600000)
  to   space 5120K, 0% used [0x00000000de600000,0x00000000de600000,0x00000000deb00000)
 ParOldGen       total 84480K, used 19503K [0x0000000081c00000, 0x0000000086e80000, 0x00000000d5f00000)
  object space 84480K, 23% used [0x0000000081c00000,0x0000000082f0bef0,0x0000000086e80000)
 Metaspace       used 37370K, capacity 38192K, committed 38488K, reserved 1083392K
  class space    used 5173K, capacity 5468K, committed 5504K, reserved 1048576K
GC Heap History (10 events):
Event: 2.671 GC heap before
{Heap before GC invocations=3 (full 0):
 PSYoungGen      total 71680K, used 71666K [0x00000000d5f00000, 0x00000000daa00000, 0x0000000100000000)
  eden space 66560K, 100% used [0x00000000d5f00000,0x00000000da000000,0x00000000da000000)
  from space 5120K, 99% used [0x00000000da500000,0x00000000da9fca70,0x00000000daa00000)
  to   space 5120K, 0% used [0x00000000da000000,0x00000000da000000,0x00000000da500000)
 ParOldGen       total 87552K, used 1230K [0x0000000081c00000, 0x0000000087180000, 0x00000000d5f00000)
  object space 87552K, 1% used [0x0000000081c00000,0x0000000081d33800,0x0000000087180000)
 Metaspace       used 20679K, capacity 21098K, committed 21248K, reserved 1067008K
  class space    used 2828K, capacity 2970K, committed 3072K, reserved 1048576K
Event: 2.683 GC heap after
Heap after GC invocations=3 (full 0):
 PSYoungGen      total 71680K, used 5104K [0x00000000d5f00000, 0x00000000deb00000, 0x0000000100000000)
  eden space 66560K, 0% used [0x00000000d5f00000,0x00000000d5f00000,0x00000000da000000)
  from space 5120K, 99% used [0x00000000da000000,0x00000000da4fc050,0x00000000da500000)
  to   space 5120K, 0% used [0x00000000de600000,0x00000000de600000,0x00000000deb00000)
 ParOldGen       total 87552K, used 8575K [0x0000000081c00000, 0x0000000087180000, 0x00000000d5f00000)
  object space 87552K, 9% used [0x0000000081c00000,0x000000008245fed0,0x0000000087180000)
 Metaspace       used 20679K, capacity 21098K, committed 21248K, reserved 1067008K
  class space    used 2828K, capacity 2970K, committed 3072K, reserved 1048576K
}
Event: 2.736 GC heap before
{Heap before GC invocations=4 (full 0):
 PSYoungGen      total 71680K, used 6412K [0x00000000d5f00000, 0x00000000deb00000, 0x0000000100000000)
  eden space 66560K, 1% used [0x00000000d5f00000,0x00000000d60472c8,0x00000000da000000)
  from space 5120K, 99% used [0x00000000da000000,0x00000000da4fc050,0x00000000da500000)
  to   space 5120K, 0% used [0x00000000de600000,0x00000000de600000,0x00000000deb00000)
 ParOldGen       total 87552K, used 8575K [0x0000000081c00000, 0x0000000087180000, 0x00000000d5f00000)
  object space 87552K, 9% used [0x0000000081c00000,0x000000008245fed0,0x0000000087180000)
 Metaspace       used 20753K, capacity 21098K, committed 21248K, reserved 1067008K
  class space    used 2835K, capacity 2970K, committed 3072K, reserved 1048576K
Event: 2.746 GC heap after
Heap after GC invocations=4 (full 0):
 PSYoungGen      total 138240K, used 5102K [0x00000000d5f00000, 0x00000000deb00000, 0x0000000100000000)
  eden space 133120K, 0% used [0x00000000d5f00000,0x00000000d5f00000,0x00000000de100000)
  from space 5120K, 99% used [0x00000000de600000,0x00000000deafba50,0x00000000deb00000)
  to   space 5120K, 0% used [0x00000000de100000,0x00000000de100000,0x00000000de600000)
 ParOldGen       total 87552K, used 8732K [0x0000000081c00000, 0x0000000087180000, 0x00000000d5f00000)
  object space 87552K, 9% used [0x0000000081c00000,0x0000000082487140,0x0000000087180000)
 Metaspace       used 20753K, capacity 21098K, committed 21248K, reserved 1067008K
  class space    used 2835K, capacity 2970K, committed 3072K, reserved 1048576K
}
Event: 2.746 GC heap before
{Heap before GC invocations=5 (full 1):
 PSYoungGen      total 138240K, used 5102K [0x00000000d5f00000, 0x00000000deb00000, 0x0000000100000000)
  eden space 133120K, 0% used [0x00000000d5f00000,0x00000000d5f00000,0x00000000de100000)
  from space 5120K, 99% used [0x00000000de600000,0x00000000deafba50,0x00000000deb00000)
  to   space 5120K, 0% used [0x00000000de100000,0x00000000de100000,0x00000000de600000)
 ParOldGen       total 87552K, used 8732K [0x0000000081c00000, 0x0000000087180000, 0x00000000d5f00000)
  object space 87552K, 9% used [0x0000000081c00000,0x0000000082487140,0x0000000087180000)
 Metaspace       used 20753K, capacity 21098K, committed 21248K, reserved 1067008K
  class space    used 2835K, capacity 2970K, committed 3072K, reserved 1048576K
Event: 2.782 GC heap after
Heap after GC invocations=5 (full 1):
 PSYoungGen      total 138240K, used 0K [0x00000000d5f00000, 0x00000000deb00000, 0x0000000100000000)
  eden space 133120K, 0% used [0x00000000d5f00000,0x00000000d5f00000,0x00000000de100000)
  from space 5120K, 0% used [0x00000000de600000,0x00000000de600000,0x00000000deb00000)
  to   space 5120K, 0% used [0x00000000de100000,0x00000000de100000,0x00000000de600000)
 ParOldGen       total 57856K, used 9407K [0x0000000081c00000, 0x0000000085480000, 0x00000000d5f00000)
  object space 57856K, 16% used [0x0000000081c00000,0x000000008252ff70,0x0000000085480000)
 Metaspace       used 20753K, capacity 21098K, committed 21248K, reserved 1067008K
  class space    used 2835K, capacity 2970K, committed 3072K, reserved 1048576K
}
Event: 5.265 GC heap before
{Heap before GC invocations=6 (full 1):
 PSYoungGen      total 138240K, used 110525K [0x00000000d5f00000, 0x00000000deb00000, 0x0000000100000000)
  eden space 133120K, 83% used [0x00000000d5f00000,0x00000000dcaef440,0x00000000de100000)
  from space 5120K, 0% used [0x00000000de600000,0x00000000de600000,0x00000000deb00000)
  to   space 5120K, 0% used [0x00000000de100000,0x00000000de100000,0x00000000de600000)
 ParOldGen       total 57856K, used 9407K [0x0000000081c00000, 0x0000000085480000, 0x00000000d5f00000)
  object space 57856K, 16% used [0x0000000081c00000,0x000000008252ff70,0x0000000085480000)
 Metaspace       used 34492K, capacity 35152K, committed 35416K, reserved 1079296K
  class space    used 4729K, capacity 4954K, committed 4992K, reserved 1048576K
Event: 5.278 GC heap after
Heap after GC invocations=6 (full 1):
 PSYoungGen      total 138240K, used 5092K [0x00000000d5f00000, 0x00000000deb00000, 0x0000000100000000)
  eden space 133120K, 0% used [0x00000000d5f00000,0x00000000d5f00000,0x00000000de100000)
  from space 5120K, 99% used [0x00000000de100000,0x00000000de5f9040,0x00000000de600000)
  to   space 5120K, 0% used [0x00000000de600000,0x00000000de600000,0x00000000deb00000)
 ParOldGen       total 57856K, used 17408K [0x0000000081c00000, 0x0000000085480000, 0x00000000d5f00000)
  object space 57856K, 30% used [0x0000000081c00000,0x0000000082d00150,0x0000000085480000)
 Metaspace       used 34492K, capacity 35152K, committed 35416K, reserved 1079296K
  class space    used 4729K, capacity 4954K, committed 4992K, reserved 1048576K
}
Event: 5.278 GC heap before
{Heap before GC invocations=7 (full 2):
 PSYoungGen      total 138240K, used 5092K [0x00000000d5f00000, 0x00000000deb00000, 0x0000000100000000)
  eden space 133120K, 0% used [0x00000000d5f00000,0x00000000d5f00000,0x00000000de100000)
  from space 5120K, 99% used [0x00000000de100000,0x00000000de5f9040,0x00000000de600000)
  to   space 5120K, 0% used [0x00000000de600000,0x00000000de600000,0x00000000deb00000)
 ParOldGen       total 57856K, used 17408K [0x0000000081c00000, 0x0000000085480000, 0x00000000d5f00000)
  object space 57856K, 30% used [0x0000000081c00000,0x0000000082d00150,0x0000000085480000)
 Metaspace       used 34492K, capacity 35152K, committed 35416K, reserved 1079296K
  class space    used 4729K, capacity 4954K, committed 4992K, reserved 1048576K
Event: 5.330 GC heap after
Heap after GC invocations=7 (full 2):
 PSYoungGen      total 138240K, used 0K [0x00000000d5f00000, 0x00000000deb00000, 0x0000000100000000)
  eden space 133120K, 0% used [0x00000000d5f00000,0x00000000d5f00000,0x00000000de100000)
  from space 5120K, 0% used [0x00000000de100000,0x00000000de100000,0x00000000de600000)
  to   space 5120K, 0% used [0x00000000de600000,0x00000000de600000,0x00000000deb00000)
 ParOldGen       total 84480K, used 19503K [0x0000000081c00000, 0x0000000086e80000, 0x00000000d5f00000)
  object space 84480K, 23% used [0x0000000081c00000,0x0000000082f0bef0,0x0000000086e80000)
 Metaspace       used 34492K, capacity 35152K, committed 35416K, reserved 1079296K
  class space    used 4729K, capacity 4954K, committed 4992K, reserved 1048576K
}

